<?xml version="1.0" encoding="UTF-8"?>
<!-- Generated by org.testng.reporters.JUnitReportReporter -->
<testsuite hostname="ISHWS66" failures="0" tests="1" name="t1.mobproxy" time="2.515" errors="0" timestamp="11 Jun 2019 09:48:37 GMT" skipped="0">
  <testcase classname="t1.mobproxy" name="testCaseOne" time="2.515"/>
</testsuite> <!-- t1.mobproxy -->
